  [4;36;1mSQL (0.2ms)[0m   [0;1m SELECT name
 FROM sqlite_master
 WHERE type = 'table' AND NOT name = 'sqlite_sequence'
[0m
  [4;35;1mSQL (0.1ms)[0m   [0mselect sqlite_version(*)[0m
  [4;36;1mSQL (18.1ms)[0m   [0;1mCREATE TABLE "schema_migrations" ("version" varchar(255) NOT NULL) [0m
  [4;35;1mSQL (6.6ms)[0m   [0mCREATE UNIQUE INDEX "unique_schema_migrations" ON "schema_migrations" ("version")[0m
  [4;36;1mSQL (0.2ms)[0m   [0;1m SELECT name
 FROM sqlite_master
 WHERE type = 'table' AND NOT name = 'sqlite_sequence'
[0m
  [4;35;1mSQL (0.1ms)[0m   [0mSELECT version FROM schema_migrations[0m
Migrating to CreateApps (20100301105003)
  [4;36;1mSQL (0.6ms)[0m   [0;1mCREATE TABLE "apps" ("id" INTEGER PRIMARY KEY AUTOINCREMENT NOT NULL, "name" varchar(255), "created_at" datetime, "updated_at" datetime) [0m
  [4;35;1mSQL (0.1ms)[0m   [0mINSERT INTO schema_migrations (version) VALUES ('20100301105003')[0m
Migrating to CreateDevelopers (20100301105012)
  [4;36;1mSQL (0.5ms)[0m   [0;1mCREATE TABLE "developers" ("id" INTEGER PRIMARY KEY AUTOINCREMENT NOT NULL, "name" varchar(255), "created_at" datetime, "updated_at" datetime) [0m
  [4;35;1mSQL (0.1ms)[0m   [0mINSERT INTO schema_migrations (version) VALUES ('20100301105012')[0m
Migrating to CreateAuthorships (20100301105053)
  [4;36;1mSQL (0.5ms)[0m   [0;1mCREATE TABLE "authorships" ("id" INTEGER PRIMARY KEY AUTOINCREMENT NOT NULL, "app_id" integer, "developer_id" integer, "created_at" datetime, "updated_at" datetime) [0m
  [4;35;1mSQL (0.1ms)[0m   [0mINSERT INTO schema_migrations (version) VALUES ('20100301105053')[0m
  [4;36;1mSQL (0.4ms)[0m   [0;1m SELECT name
 FROM sqlite_master
 WHERE type = 'table' AND NOT name = 'sqlite_sequence'
[0m
  [4;35;1mSQL (0.2ms)[0m   [0mSELECT version FROM schema_migrations[0m
  [4;36;1mSQL (0.2ms)[0m   [0;1m SELECT name
 FROM sqlite_master
 WHERE type = 'table' AND NOT name = 'sqlite_sequence'
[0m
  [4;35;1mSQL (0.0ms)[0m   [0mPRAGMA index_list("apps")[0m
  [4;36;1mSQL (0.0ms)[0m   [0;1mPRAGMA index_list("authorships")[0m
  [4;35;1mSQL (0.0ms)[0m   [0mPRAGMA index_list("developers")[0m
  [4;36;1mApp Create (62.3ms)[0m   [0;1mINSERT INTO "apps" ("name", "created_at", "updated_at") VALUES('first', '2010-03-01 10:53:08', '2010-03-01 10:53:08')[0m
  [4;35;1mDeveloper Create (0.2ms)[0m   [0mINSERT INTO "developers" ("name", "created_at", "updated_at") VALUES('second', '2010-03-01 10:53:08', '2010-03-01 10:53:08')[0m
  [4;36;1mAuthorship Create (19.5ms)[0m   [0;1mINSERT INTO "authorships" ("created_at", "updated_at", "app_id", "developer_id") VALUES('2010-03-01 10:53:08', '2010-03-01 10:53:08', 1, 1)[0m
  [4;35;1mAuthorship Create (0.1ms)[0m   [0mINSERT INTO "authorships" ("created_at", "updated_at", "app_id", "developer_id") VALUES('2010-03-01 10:53:08', '2010-03-01 10:53:08', 1, 1)[0m
  [4;36;1mApp Load (0.3ms)[0m   [0;1mSELECT * FROM "apps" ORDER BY apps.id DESC LIMIT 1[0m
  [4;35;1mDeveloper Load (0.3ms)[0m   [0mSELECT "developers".* FROM "developers" INNER JOIN "authorships" ON "developers".id = "authorships".developer_id WHERE (("authorships".app_id = 1)) [0m
